This file contains any messages produced by compilers while
running configure, to aid debugging if configure makes a mistake.

It was created by configure, which was
generated by GNU Autoconf 2.69.  Invocation command line was

  $ ./configure 

## --------- ##
## Platform. ##
## --------- ##

hostname = duythien.dev
uname -m = i686
uname -r = 3.13.8-200.fc20.i686
uname -s = Linux
uname -v = #1 SMP Tue Apr 1 04:04:09 UTC 2014

/usr/bin/uname -p = i686
/bin/uname -X     = unknown

/bin/arch              = i686
/usr/bin/arch -k       = unknown
/usr/convex/getsysinfo = unknown
/usr/bin/hostinfo      = unknown
/bin/machine           = unknown
/usr/bin/oslevel       = unknown
/bin/universe          = unknown

PATH: /usr/lib/qt-3.3/bin
PATH: /usr/local/bin
PATH: /usr/bin
PATH: /bin
PATH: /usr/local/sbin
PATH: /usr/sbin
PATH: /home/duythien/.local/bin
PATH: /home/duythien/bin


## ----------- ##
## Core tests. ##
## ----------- ##

configure:2123: checking for grep that handles long lines and -e
configure:2181: result: /usr/bin/grep
configure:2186: checking for egrep
configure:2248: result: /usr/bin/grep -E
configure:2253: checking for a sed that does not truncate output
configure:2317: result: /usr/bin/sed
configure:2451: checking for cc
configure:2467: found /usr/bin/cc
configure:2478: result: cc
configure:2509: checking for C compiler version
configure:2518: cc --version >&5
cc (GCC) 4.8.2 20131212 (Red Hat 4.8.2-7)
Copyright (C) 2013 Free Software Foundation, Inc.
This is free software; see the source for copying conditions.  There is NO
warranty; not even for MERCHANTABILITY or FITNESS FOR A PARTICULAR PURPOSE.

configure:2529: $? = 0
configure:2518: cc -v >&5
Using built-in specs.
COLLECT_GCC=cc
COLLECT_LTO_WRAPPER=/usr/libexec/gcc/i686-redhat-linux/4.8.2/lto-wrapper
Target: i686-redhat-linux
Configured with: ../configure --prefix=/usr --mandir=/usr/share/man --infodir=/usr/share/info --with-bugurl=http://bugzilla.redhat.com/bugzilla --enable-bootstrap --enable-shared --enable-threads=posix --enable-checking=release --with-system-zlib --enable-__cxa_atexit --disable-libunwind-exceptions --enable-gnu-unique-object --enable-linker-build-id --with-linker-hash-style=gnu --enable-languages=c,c++,objc,obj-c++,java,fortran,ada,go,lto --enable-plugin --enable-initfini-array --enable-java-awt=gtk --disable-dssi --with-java-home=/usr/lib/jvm/java-1.5.0-gcj-1.5.0.0/jre --enable-libgcj-multifile --enable-java-maintainer-mode --with-ecj-jar=/usr/share/java/eclipse-ecj.jar --disable-libjava-multilib --with-isl=/builddir/build/BUILD/gcc-4.8.2-20131212/obj-i686-redhat-linux/isl-install --with-cloog=/builddir/build/BUILD/gcc-4.8.2-20131212/obj-i686-redhat-linux/cloog-install --with-tune=generic --with-arch=i686 --build=i686-redhat-linux
Thread model: posix
gcc version 4.8.2 20131212 (Red Hat 4.8.2-7) (GCC) 
configure:2529: $? = 0
configure:2518: cc -V >&5
cc: error: unrecognized command line option '-V'
cc: fatal error: no input files
compilation terminated.
configure:2529: $? = 4
configure:2518: cc -qversion >&5
cc: error: unrecognized command line option '-qversion'
cc: fatal error: no input files
compilation terminated.
configure:2529: $? = 4
configure:2549: checking whether the C compiler works
configure:2571: cc    conftest.c  >&5
configure:2575: $? = 0
configure:2623: result: yes
configure:2626: checking for C compiler default output file name
configure:2628: result: a.out
configure:2634: checking for suffix of executables
configure:2641: cc -o conftest    conftest.c  >&5
configure:2645: $? = 0
configure:2667: result: 
configure:2689: checking whether we are cross compiling
configure:2697: cc -o conftest    conftest.c  >&5
configure:2701: $? = 0
configure:2708: ./conftest
configure:2712: $? = 0
configure:2727: result: no
configure:2732: checking for suffix of object files
configure:2754: cc -c   conftest.c >&5
configure:2758: $? = 0
configure:2779: result: o
configure:2783: checking whether we are using the GNU C compiler
configure:2802: cc -c   conftest.c >&5
configure:2802: $? = 0
configure:2811: result: yes
configure:2820: checking whether cc accepts -g
configure:2840: cc -c -g  conftest.c >&5
configure:2840: $? = 0
configure:2881: result: yes
configure:2898: checking for cc option to accept ISO C89
configure:2961: cc  -c -g -O2  conftest.c >&5
configure:2961: $? = 0
configure:2974: result: none needed
configure:3000: checking how to run the C preprocessor
configure:3031: cc -E  conftest.c
configure:3031: $? = 0
configure:3045: cc -E  conftest.c
conftest.c:9:28: fatal error: ac_nonexistent.h: No such file or directory
 #include <ac_nonexistent.h>
                            ^
compilation terminated.
configure:3045: $? = 1
configure: failed program was:
| /* confdefs.h */
| #define PACKAGE_NAME ""
| #define PACKAGE_TARNAME ""
| #define PACKAGE_VERSION ""
| #define PACKAGE_STRING ""
| #define PACKAGE_BUGREPORT ""
| #define PACKAGE_URL ""
| /* end confdefs.h.  */
| #include <ac_nonexistent.h>
configure:3070: result: cc -E
configure:3090: cc -E  conftest.c
configure:3090: $? = 0
configure:3104: cc -E  conftest.c
conftest.c:9:28: fatal error: ac_nonexistent.h: No such file or directory
 #include <ac_nonexistent.h>
                            ^
compilation terminated.
configure:3104: $? = 1
configure: failed program was:
| /* confdefs.h */
| #define PACKAGE_NAME ""
| #define PACKAGE_TARNAME ""
| #define PACKAGE_VERSION ""
| #define PACKAGE_STRING ""
| #define PACKAGE_BUGREPORT ""
| #define PACKAGE_URL ""
| /* end confdefs.h.  */
| #include <ac_nonexistent.h>
configure:3135: checking for icc
configure:3144: result: no
configure:3158: checking for suncc
configure:3167: result: no
configure:3185: checking whether cc understands -c and -o together
configure:3213: cc -c conftest.c -o conftest2.o >&5
configure:3217: $? = 0
configure:3223: cc -c conftest.c -o conftest2.o >&5
configure:3227: $? = 0
configure:3282: result: yes
configure:3296: checking for system library directory
configure:3311: result: lib
configure:3318: checking if compiler supports -R
configure:3337: cc -o conftest -g -O2   conftest.c -R /usr/lib  >&5
cc: error: unrecognized command line option '-R'
configure:3337: $? = 1
configure: failed program was:
| /* confdefs.h */
| #define PACKAGE_NAME ""
| #define PACKAGE_TARNAME ""
| #define PACKAGE_VERSION ""
| #define PACKAGE_STRING ""
| #define PACKAGE_BUGREPORT ""
| #define PACKAGE_URL ""
| /* end confdefs.h.  */
| 
| int
| main ()
| {
| 
|   ;
|   return 0;
| }
configure:3347: result: no
configure:3352: checking if compiler supports -Wl,-rpath,
configure:3371: cc -o conftest -g -O2   conftest.c -Wl,-rpath,/usr/lib  >&5
configure:3371: $? = 0
configure:3381: result: yes
configure:3426: checking build system type
configure:3440: result: i686-pc-linux-gnu
configure:3460: checking host system type
configure:3473: result: i686-pc-linux-gnu
configure:3493: checking target system type
configure:3506: result: i686-pc-linux-gnu
configure:3609: checking for PHP prefix
configure:3611: result: /usr
configure:3613: checking for PHP includes
configure:3615: result: -I/usr/include/php -I/usr/include/php/main -I/usr/include/php/TSRM -I/usr/include/php/Zend -I/usr/include/php/ext -I/usr/include/php/ext/date/lib
configure:3617: checking for PHP extension directory
configure:3619: result: /usr/lib/php/modules
configure:3621: checking for PHP installed headers prefix
configure:3623: result: /usr/include/php
configure:3626: checking if debug is enabled
configure:3652: result: no
configure:3655: checking if zts is enabled
configure:3681: result: no
configure:3752: checking for re2c
configure:3768: found /usr/bin/re2c
configure:3779: result: re2c
configure:3788: checking for re2c version
configure:3802: result: 0.13.5 (ok)
configure:3821: checking for gawk
configure:3838: found /usr/bin/gawk
configure:3849: result: gawk
configure:3892: checking whether to enable myapp
configure:3931: result: yes, shared
configure:4239: checking whether HAVE_BUNDLED_PCRE is declared
configure:4239: cc -c -g -O2  -I/usr/include/php -I/usr/include/php/main -I/usr/include/php/TSRM -I/usr/include/php/Zend -I/usr/include/php/ext -I/usr/include/php/ext/date/lib conftest.c >&5
conftest.c: In function 'main':
conftest.c:21:10: error: 'HAVE_BUNDLED_PCRE' undeclared (first use in this function)
   (void) HAVE_BUNDLED_PCRE;
          ^
conftest.c:21:10: note: each undeclared identifier is reported only once for each function it appears in
configure:4239: $? = 1
configure: failed program was:
| /* confdefs.h */
| #define PACKAGE_NAME ""
| #define PACKAGE_TARNAME ""
| #define PACKAGE_VERSION ""
| #define PACKAGE_STRING ""
| #define PACKAGE_BUGREPORT ""
| #define PACKAGE_URL ""
| #define HAVE_MYAPP 1
| #define COMPILE_DL_MYAPP 1
| /* end confdefs.h.  */
| #include "php_config.h"
| 
| 
| int
| main ()
| {
| #ifndef HAVE_BUNDLED_PCRE
| #ifdef __cplusplus
|   (void) HAVE_BUNDLED_PCRE;
| #else
|   (void) HAVE_BUNDLED_PCRE;
| #endif
| #endif
| 
|   ;
|   return 0;
| }
configure:4239: result: no
configure:4285: checking whether HAVE_JSON is declared
configure:4285: cc -c -g -O2  -I/usr/include/php -I/usr/include/php/main -I/usr/include/php/TSRM -I/usr/include/php/Zend -I/usr/include/php/ext -I/usr/include/php/ext/date/lib conftest.c >&5
conftest.c: In function 'main':
conftest.c:21:10: error: 'HAVE_JSON' undeclared (first use in this function)
   (void) HAVE_JSON;
          ^
conftest.c:21:10: note: each undeclared identifier is reported only once for each function it appears in
configure:4285: $? = 1
configure: failed program was:
| /* confdefs.h */
| #define PACKAGE_NAME ""
| #define PACKAGE_TARNAME ""
| #define PACKAGE_VERSION ""
| #define PACKAGE_STRING ""
| #define PACKAGE_BUGREPORT ""
| #define PACKAGE_URL ""
| #define HAVE_MYAPP 1
| #define COMPILE_DL_MYAPP 1
| /* end confdefs.h.  */
| #include "php_config.h"
| 
| 
| int
| main ()
| {
| #ifndef HAVE_JSON
| #ifdef __cplusplus
|   (void) HAVE_JSON;
| #else
|   (void) HAVE_JSON;
| #endif
| #endif
| 
|   ;
|   return 0;
| }
configure:4285: result: no
configure:4390: checking how to print strings
configure:4417: result: printf
configure:4438: checking for a sed that does not truncate output
configure:4502: result: /usr/bin/sed
configure:4520: checking for fgrep
configure:4582: result: /usr/bin/grep -F
configure:4617: checking for ld used by cc
configure:4684: result: /usr/bin/ld
configure:4691: checking if the linker (/usr/bin/ld) is GNU ld
configure:4706: result: yes
configure:4718: checking for BSD- or MS-compatible name lister (nm)
configure:4767: result: /usr/bin/nm -B
configure:4897: checking the name lister (/usr/bin/nm -B) interface
configure:4904: cc -c -g -O2  conftest.c >&5
configure:4907: /usr/bin/nm -B "conftest.o"
configure:4910: output
00000000 B some_variable
configure:4917: result: BSD nm
configure:4920: checking whether ln -s works
configure:4924: result: yes
configure:4932: checking the maximum length of command line arguments
configure:5062: result: 1572864
configure:5079: checking whether the shell understands some XSI constructs
configure:5089: result: yes
configure:5093: checking whether the shell understands "+="
configure:5099: result: yes
configure:5134: checking how to convert i686-pc-linux-gnu file names to i686-pc-linux-gnu format
configure:5174: result: func_convert_file_noop
configure:5181: checking how to convert i686-pc-linux-gnu file names to toolchain format
configure:5201: result: func_convert_file_noop
configure:5208: checking for /usr/bin/ld option to reload object files
configure:5215: result: -r
configure:5289: checking for objdump
configure:5305: found /usr/bin/objdump
configure:5316: result: objdump
configure:5348: checking how to recognize dependent libraries
configure:5550: result: pass_all
configure:5635: checking for dlltool
configure:5665: result: no
configure:5695: checking how to associate runtime and link libraries
configure:5722: result: printf %s\n
configure:5782: checking for ar
configure:5798: found /usr/bin/ar
configure:5809: result: ar
configure:5846: checking for archiver @FILE support
configure:5863: cc -c -g -O2  conftest.c >&5
configure:5863: $? = 0
configure:5866: ar cru libconftest.a @conftest.lst >&5
configure:5869: $? = 0
configure:5874: ar cru libconftest.a @conftest.lst >&5
ar: conftest.o: No such file or directory
configure:5877: $? = 1
configure:5889: result: @
configure:5947: checking for strip
configure:5963: found /usr/bin/strip
configure:5974: result: strip
configure:6046: checking for ranlib
configure:6062: found /usr/bin/ranlib
configure:6073: result: ranlib
configure:6150: checking for gawk
configure:6177: result: gawk
configure:6217: checking command to parse /usr/bin/nm -B output from cc object
configure:6337: cc -c -g -O2  conftest.c >&5
configure:6340: $? = 0
configure:6344: /usr/bin/nm -B conftest.o \| sed -n -e 's/^.*[ ]\([ABCDGIRSTW][ABCDGIRSTW]*\)[ ][ ]*\([_A-Za-z][_A-Za-z0-9]*\)$/\1 \2 \2/p' | sed '/ __gnu_lto/d' \> conftest.nm
configure:6347: $? = 0
configure:6413: cc -o conftest -g -O2   conftest.c conftstm.o >&5
configure:6416: $? = 0
configure:6454: result: ok
configure:6491: checking for sysroot
configure:6521: result: no
configure:6783: checking for mt
configure:6813: result: no
configure:6833: checking if : is a manifest tool
configure:6839: : '-?'
configure:6847: result: no
configure:7484: checking for ANSI C header files
configure:7504: cc -c -g -O2  conftest.c >&5
configure:7504: $? = 0
configure:7577: cc -o conftest -g -O2   conftest.c  >&5
configure:7577: $? = 0
configure:7577: ./conftest
configure:7577: $? = 0
configure:7588: result: yes
configure:7601: checking for sys/types.h
configure:7601: cc -c -g -O2  conftest.c >&5
configure:7601: $? = 0
configure:7601: result: yes
configure:7601: checking for sys/stat.h
configure:7601: cc -c -g -O2  conftest.c >&5
configure:7601: $? = 0
configure:7601: result: yes
configure:7601: checking for stdlib.h
configure:7601: cc -c -g -O2  conftest.c >&5
configure:7601: $? = 0
configure:7601: result: yes
configure:7601: checking for string.h
configure:7601: cc -c -g -O2  conftest.c >&5
configure:7601: $? = 0
configure:7601: result: yes
configure:7601: checking for memory.h
configure:7601: cc -c -g -O2  conftest.c >&5
configure:7601: $? = 0
configure:7601: result: yes
configure:7601: checking for strings.h
configure:7601: cc -c -g -O2  conftest.c >&5
configure:7601: $? = 0
configure:7601: result: yes
configure:7601: checking for inttypes.h
configure:7601: cc -c -g -O2  conftest.c >&5
configure:7601: $? = 0
configure:7601: result: yes
configure:7601: checking for stdint.h
configure:7601: cc -c -g -O2  conftest.c >&5
configure:7601: $? = 0
configure:7601: result: yes
configure:7601: checking for unistd.h
configure:7601: cc -c -g -O2  conftest.c >&5
configure:7601: $? = 0
configure:7601: result: yes
configure:7615: checking for dlfcn.h
configure:7615: cc -c -g -O2  conftest.c >&5
configure:7615: $? = 0
configure:7615: result: yes
configure:7821: checking for objdir
configure:7836: result: .libs
configure:8107: checking if cc supports -fno-rtti -fno-exceptions
configure:8125: cc -c -g -O2  -fno-rtti -fno-exceptions conftest.c >&5
cc1: warning: command line option '-fno-rtti' is valid for C++/ObjC++ but not for C [enabled by default]
configure:8129: $? = 0
configure:8142: result: no
configure:8469: checking for cc option to produce PIC
configure:8476: result: -fPIC -DPIC
configure:8484: checking if cc PIC flag -fPIC -DPIC works
configure:8502: cc -c -g -O2  -fPIC -DPIC -DPIC conftest.c >&5
configure:8506: $? = 0
configure:8519: result: yes
configure:8548: checking if cc static flag -static works
configure:8576: result: no
configure:8591: checking if cc supports -c -o file.o
configure:8612: cc -c -g -O2  -o out/conftest2.o conftest.c >&5
configure:8616: $? = 0
configure:8638: result: yes
configure:8646: checking if cc supports -c -o file.o
configure:8693: result: yes
configure:8726: checking whether the cc linker (/usr/bin/ld) supports shared libraries
configure:9879: result: yes
configure:9916: checking whether -lc should be explicitly linked in
configure:9924: cc -c -g -O2  conftest.c >&5
configure:9927: $? = 0
configure:9942: cc -shared  -fPIC -DPIC conftest.o  -v -Wl,-soname -Wl,conftest -o conftest 2\>\&1 \| /usr/bin/grep  -lc  \>/dev/null 2\>\&1
configure:9945: $? = 0
configure:9959: result: no
configure:10119: checking dynamic linker characteristics
configure:10630: cc -o conftest -g -O2   -Wl,-rpath -Wl,/foo conftest.c  >&5
configure:10630: $? = 0
configure:10856: result: GNU/Linux ld.so
configure:10963: checking how to hardcode library paths into programs
configure:10988: result: immediate
configure:11528: checking whether stripping libraries is possible
configure:11533: result: yes
configure:11568: checking if libtool supports shared libraries
configure:11570: result: yes
configure:11573: checking whether to build shared libraries
configure:11594: result: yes
configure:11597: checking whether to build static libraries
configure:11601: result: no
configure:11877: creating ./config.status

## ---------------------- ##
## Running config.status. ##
## ---------------------- ##

This file was extended by config.status, which was
generated by GNU Autoconf 2.69.  Invocation command line was

  CONFIG_FILES    = 
  CONFIG_HEADERS  = 
  CONFIG_LINKS    = 
  CONFIG_COMMANDS = 
  $ ./config.status 

on duythien.dev

config.status:887: creating config.h
config.status:977: config.h is unchanged
config.status:991: executing libtool commands

## ---------------- ##
## Cache variables. ##
## ---------------- ##

ac_cv_build=i686-pc-linux-gnu
ac_cv_c_compiler_gnu=yes
ac_cv_env_CC_set=
ac_cv_env_CC_value=
ac_cv_env_CFLAGS_set=
ac_cv_env_CFLAGS_value=
ac_cv_env_CPPFLAGS_set=
ac_cv_env_CPPFLAGS_value=
ac_cv_env_CPP_set=
ac_cv_env_CPP_value=
ac_cv_env_LDFLAGS_set=
ac_cv_env_LDFLAGS_value=
ac_cv_env_LIBS_set=
ac_cv_env_LIBS_value=
ac_cv_env_build_alias_set=
ac_cv_env_build_alias_value=
ac_cv_env_host_alias_set=
ac_cv_env_host_alias_value=
ac_cv_env_target_alias_set=
ac_cv_env_target_alias_value=
ac_cv_have_decl_HAVE_BUNDLED_PCRE=no
ac_cv_have_decl_HAVE_JSON=no
ac_cv_header_dlfcn_h=yes
ac_cv_header_inttypes_h=yes
ac_cv_header_memory_h=yes
ac_cv_header_stdc=yes
ac_cv_header_stdint_h=yes
ac_cv_header_stdlib_h=yes
ac_cv_header_string_h=yes
ac_cv_header_strings_h=yes
ac_cv_header_sys_stat_h=yes
ac_cv_header_sys_types_h=yes
ac_cv_header_unistd_h=yes
ac_cv_host=i686-pc-linux-gnu
ac_cv_objext=o
ac_cv_path_EGREP='/usr/bin/grep -E'
ac_cv_path_FGREP='/usr/bin/grep -F'
ac_cv_path_GREP=/usr/bin/grep
ac_cv_path_SED=/usr/bin/sed
ac_cv_prog_AWK=gawk
ac_cv_prog_CPP='cc -E'
ac_cv_prog_RE2C=re2c
ac_cv_prog_ac_ct_AR=ar
ac_cv_prog_ac_ct_CC=cc
ac_cv_prog_ac_ct_OBJDUMP=objdump
ac_cv_prog_ac_ct_RANLIB=ranlib
ac_cv_prog_ac_ct_STRIP=strip
ac_cv_prog_cc_c89=
ac_cv_prog_cc_cc_c_o=yes
ac_cv_prog_cc_g=yes
ac_cv_target=i686-pc-linux-gnu
lt_cv_ar_at_file=@
lt_cv_archive_cmds_need_lc=no
lt_cv_deplibs_check_method=pass_all
lt_cv_file_magic_cmd='$MAGIC_CMD'
lt_cv_file_magic_test_file=
lt_cv_ld_reload_flag=-r
lt_cv_nm_interface='BSD nm'
lt_cv_objdir=.libs
lt_cv_path_LD=/usr/bin/ld
lt_cv_path_NM='/usr/bin/nm -B'
lt_cv_path_mainfest_tool=no
lt_cv_prog_compiler_c_o=yes
lt_cv_prog_compiler_pic='-fPIC -DPIC'
lt_cv_prog_compiler_pic_works=yes
lt_cv_prog_compiler_rtti_exceptions=no
lt_cv_prog_compiler_static_works=no
lt_cv_prog_gnu_ld=yes
lt_cv_sharedlib_from_linklib_cmd='printf %s\n'
lt_cv_shlibpath_overrides_runpath=no
lt_cv_sys_global_symbol_pipe='sed -n -e '\''s/^.*[	 ]\([ABCDGIRSTW][ABCDGIRSTW]*\)[	 ][	 ]*\([_A-Za-z][_A-Za-z0-9]*\)$/\1 \2 \2/p'\'' | sed '\''/ __gnu_lto/d'\'''
lt_cv_sys_global_symbol_to_c_name_address='sed -n -e '\''s/^: \([^ ]*\)[ ]*$/  {\"\1\", (void *) 0},/p'\'' -e '\''s/^[ABCDGIRSTW]* \([^ ]*\) \([^ ]*\)$/  {"\2", (void *) \&\2},/p'\'''
lt_cv_sys_global_symbol_to_c_name_address_lib_prefix='sed -n -e '\''s/^: \([^ ]*\)[ ]*$/  {\"\1\", (void *) 0},/p'\'' -e '\''s/^[ABCDGIRSTW]* \([^ ]*\) \(lib[^ ]*\)$/  {"\2", (void *) \&\2},/p'\'' -e '\''s/^[ABCDGIRSTW]* \([^ ]*\) \([^ ]*\)$/  {"lib\2", (void *) \&\2},/p'\'''
lt_cv_sys_global_symbol_to_cdecl='sed -n -e '\''s/^T .* \(.*\)$/extern int \1();/p'\'' -e '\''s/^[ABCDGIRSTW]* .* \(.*\)$/extern char \1;/p'\'''
lt_cv_sys_max_cmd_len=1572864
lt_cv_to_host_file_cmd=func_convert_file_noop
lt_cv_to_tool_file_cmd=func_convert_file_noop
php_cv_cc_dashr=no
php_cv_cc_rpath=yes
php_cv_re2c_version='0.13.5 (ok)'

## ----------------- ##
## Output variables. ##
## ----------------- ##

AR='ar'
AWK='gawk'
CC='cc'
CFLAGS='-g -O2'
CONFIGURE_COMMAND=' '\''./configure'\'' '
CONFIGURE_OPTIONS=''
CPP='cc -E'
CPPFLAGS=' -DHAVE_CONFIG_H'
DEFS='-DHAVE_CONFIG_H'
DLLTOOL='false'
DSYMUTIL=''
DUMPBIN=''
ECHO_C=''
ECHO_N='-n'
ECHO_T=''
EGREP='/usr/bin/grep -E'
EXEEXT=''
FGREP='/usr/bin/grep -F'
GREP='/usr/bin/grep'
LD='/usr/bin/ld'
LDFLAGS=''
LIBOBJS=''
LIBS=''
LIBTOOL='$(SHELL) $(top_builddir)/libtool'
LIPO=''
LN_S='ln -s'
LTLIBOBJS=''
MANIFEST_TOOL=':'
NM='/usr/bin/nm -B'
NMEDIT=''
OBJDUMP='objdump'
OBJEXT='o'
OTOOL64=''
OTOOL=''
PACKAGE_BUGREPORT=''
PACKAGE_NAME=''
PACKAGE_STRING=''
PACKAGE_TARNAME=''
PACKAGE_URL=''
PACKAGE_VERSION=''
PATH_SEPARATOR=':'
RANLIB='ranlib'
RE2C='re2c'
SED='/usr/bin/sed'
SHELL='/bin/sh'
SHLIB_DL_SUFFIX_NAME='so'
SHLIB_SUFFIX_NAME='so'
STRIP='strip'
ac_ct_AR='ar'
ac_ct_CC='cc'
ac_ct_DUMPBIN=''
bindir='${exec_prefix}/bin'
build='i686-pc-linux-gnu'
build_alias=''
build_cpu='i686'
build_os='linux-gnu'
build_vendor='pc'
datadir='${datarootdir}'
datarootdir='${prefix}/share'
docdir='${datarootdir}/doc/${PACKAGE}'
dvidir='${docdir}'
exec_prefix='$(prefix)'
host='i686-pc-linux-gnu'
host_alias='i686-pc-linux-gnu'
host_cpu='i686'
host_os='linux-gnu'
host_vendor='pc'
htmldir='${docdir}'
includedir='${prefix}/include'
infodir='${datarootdir}/info'
libdir='${exec_prefix}/lib'
libexecdir='${exec_prefix}/libexec'
localedir='${datarootdir}/locale'
localstatedir='${prefix}/var'
mandir='${datarootdir}/man'
oldincludedir='/usr/include'
pdfdir='${docdir}'
prefix='/usr'
program_transform_name='s,x,x,'
psdir='${docdir}'
sbindir='${exec_prefix}/sbin'
sharedstatedir='${prefix}/com'
sysconfdir='${prefix}/etc'
target='i686-pc-linux-gnu'
target_alias=''
target_cpu='i686'
target_os='linux-gnu'
target_vendor='pc'

## ----------- ##
## confdefs.h. ##
## ----------- ##

/* confdefs.h */
#define PACKAGE_NAME ""
#define PACKAGE_TARNAME ""
#define PACKAGE_VERSION ""
#define PACKAGE_STRING ""
#define PACKAGE_BUGREPORT ""
#define PACKAGE_URL ""
#define HAVE_MYAPP 1
#define COMPILE_DL_MYAPP 1
#define STDC_HEADERS 1
#define HAVE_SYS_TYPES_H 1
#define HAVE_SYS_STAT_H 1
#define HAVE_STDLIB_H 1
#define HAVE_STRING_H 1
#define HAVE_MEMORY_H 1
#define HAVE_STRINGS_H 1
#define HAVE_INTTYPES_H 1
#define HAVE_STDINT_H 1
#define HAVE_UNISTD_H 1
#define HAVE_DLFCN_H 1
#define LT_OBJDIR ".libs/"

configure: exit 0
